<?xml version="1.0" encoding="UTF-8"?>
<!-- Generated by org.testng.reporters.JUnitReportReporter -->
<testsuite hostname="HP" failures="0" tests="1" name="Packgae.Class" time="34.075" errors="0" timestamp="2024-03-10T16:03:28 IST" skipped="0">
  <testcase classname="Packgae.Class" name="applywatchdemo" time="34.075"/>
</testsuite> <!-- Packgae.Class -->
